<?xml version="1.0" encoding="UTF-8"?>
<!-- Generated by org.testng.reporters.JUnitReportReporter -->
<testsuite hostname="Mertkan" failures="0" tests="1" name="cucumber.TestNgTestRunner" time="6.746" errors="0" timestamp="2023-02-01T19:53:31 TRT" skipped="0">
  <testcase classname="cucumber.TestNgTestRunner" name="runScenario" time="6.746"/>
  <system-out/>
</testsuite> <!-- cucumber.TestNgTestRunner -->
