<?xml version="1.0" encoding="UTF-8"?>
<!-- Generated by org.testng.reporters.JUnitReportReporter -->
<testsuite hostname="Mertkan" failures="0" tests="1" name="mertkanCompany.tests.ErrorValidations" time="7.679" errors="0" timestamp="2023-01-29T16:40:01 TRT" skipped="0">
  <testcase classname="mertkanCompany.tests.ErrorValidations" name="submitOrder" time="7.679"/>
  <system-out/>
</testsuite> <!-- mertkanCompany.tests.ErrorValidations -->
