<?xml version="1.0" encoding="UTF-8"?>
<!-- Generated by org.testng.reporters.JUnitReportReporter -->
<testsuite hostname="Mertkan" failures="0" tests="2" name="mertkanCompany.tests.ErrorValidationsTest" time="14.238" errors="0" timestamp="2023-02-01T19:53:06 TRT" skipped="0">
  <testcase classname="mertkanCompany.tests.ErrorValidationsTest" name="loginErrorValidation" time="6.607"/>
  <system-out/>
  <testcase classname="mertkanCompany.tests.ErrorValidationsTest" name="productErrorValidation" time="7.631"/>
  <system-out/>
</testsuite> <!-- mertkanCompany.tests.ErrorValidationsTest -->
