<?xml version="1.0" encoding="UTF-8"?>
<!-- Generated by org.testng.reporters.JUnitReportReporter -->
<testsuite hostname="Mertkan" failures="0" tests="3" name="mertkanCompany.tests.SubmitOrderTest" time="27.342" errors="0" timestamp="2023-01-31T20:46:27 TRT" skipped="0">
  <testcase classname="mertkanCompany.tests.SubmitOrderTest" name="orderHistoryTest" time="6.282"/>
  <system-out/>
  <testcase classname="mertkanCompany.tests.SubmitOrderTest" name="submitOrder" time="10.049"/>
  <system-out/>
  <testcase classname="mertkanCompany.tests.SubmitOrderTest" name="submitOrder" time="11.011"/>
  <system-out/>
</testsuite> <!-- mertkanCompany.tests.SubmitOrderTest -->
