<?xml version="1.0" encoding="UTF-8"?>
<!-- Generated by org.testng.reporters.JUnitReportReporter -->
<testsuite hostname="progrid" failures="0" tests="3" name="mertkanCompany.ECommerceTestCase4" time="97.716" errors="0" timestamp="2023-03-05T21:59:01 EET" skipped="1">
  <testcase classname="mertkanCompany.ECommerceTestCase4" name="fillForm" time="48.041"/>
  <system-out/>
  <testcase classname="mertkanCompany.ECommerceTestCase4" name="fillForm" time="49.675"/>
  <system-out/>
  <testcase classname="mertkanCompany.ECommerceTestCase4" name="fillForm2">
    <skipped/>
  </testcase> <!-- fillForm2 -->
  <system-out/>
</testsuite> <!-- mertkanCompany.ECommerceTestCase4 -->
