<?xml version="1.0" encoding="UTF-8"?>
<!-- Generated by org.testng.reporters.JUnitReportReporter -->
<testsuite hostname="Mertkan" failures="0" tests="1" name="cucumber.TestNgTestRunner" time="7.502" errors="0" timestamp="2023-02-01T20:09:12 TRT" skipped="0">
  <testcase classname="cucumber.TestNgTestRunner" name="runScenario" time="7.502"/>
  <system-out/>
</testsuite> <!-- cucumber.TestNgTestRunner -->
